ParseStarterProject/build/outputs/mapping/release/seeds.txt
com.parse.starter.BuildConfig
com.parse.starter.BuildConfig: boolean DEBUG
com.parse.starter.BuildConfig: java.lang.String APPLICATION_ID
com.parse.starter.BuildConfig: java.lang.String BUILD_TYPE
com.parse.starter.BuildConfig: java.lang.String FLAVOR
com.parse.starter.BuildConfig: int VERSION_CODE
com.parse.starter.BuildConfig: java.lang.String VERSION_NAME
com.parse.starter.BuildConfig: BuildConfig()
com.parse.starter.MainActivity
com.parse.starter.MainActivity: android.widget.EditText username
com.parse.starter.MainActivity: android.widget.EditText password
com.parse.starter.MainActivity: android.widget.ImageView logo
com.parse.starter.MainActivity: android.widget.RelativeLayout background
com.parse.starter.MainActivity: MainActivity()
com.parse.starter.MainActivity: void onCreate(android.os.Bundle)
com.parse.starter.MainActivity: void login(android.view.View)
com.parse.starter.MainActivity: void signup(android.view.View)
com.parse.starter.MainActivity: boolean onKey(android.view.View,int,android.view.KeyEvent)
com.parse.starter.MainActivity: void onClick(android.view.View)
com.parse.starter.MainActivity$1
com.parse.starter.MainActivity$1: android.content.Intent val$intent
com.parse.starter.MainActivity$1: com.parse.starter.MainActivity this$0
com.parse.starter.MainActivity$1: MainActivity$1(com.parse.starter.MainActivity,android.content.Intent)
com.parse.starter.MainActivity$1: void done(com.parse.ParseUser,com.parse.ParseException)
com.parse.starter.MainActivity$1: void done(java.lang.Object,java.lang.Throwable)
com.parse.starter.Manifest
com.parse.starter.Manifest: Manifest()
com.parse.starter.Manifest$permission
com.parse.starter.Manifest$permission: java.lang.String C2D_MESSAGE
com.parse.starter.Manifest$permission: Manifest$permission()
com.parse.starter.R
com.parse.starter.R: R()
com.parse.starter.R$anim
com.parse.starter.R$anim: int abc_fade_in
com.parse.starter.R$anim: int abc_fade_out
com.parse.starter.R$anim: int abc_grow_fade_in_from_bottom
com.parse.starter.R$anim: int abc_popup_enter
com.parse.starter.R$anim: int abc_popup_exit
com.parse.starter.R$anim: int abc_shrink_fade_out_from_bottom
com.parse.starter.R$anim: int abc_slide_in_bottom
com.parse.starter.R$anim: int abc_slide_in_top
com.parse.starter.R$anim: int abc_slide_out_bottom
com.parse.starter.R$anim: int abc_slide_out_top
com.parse.starter.R$anim: int design_bottom_sheet_slide_in
com.parse.starter.R$anim: int design_bottom_sheet_slide_out
com.parse.starter.R$anim: int design_fab_in
com.parse.starter.R$anim: int design_fab_out
com.parse.starter.R$anim: int design_snackbar_in
com.parse.starter.R$anim: int design_snackbar_out
com.parse.starter.R$anim: R$anim()
com.parse.starter.R$array
com.parse.starter.R$array: int cast_expanded_controller_default_control_buttons
com.parse.starter.R$array: int cast_mini_controller_default_control_buttons
com.parse.starter.R$array: R$array()
...
com.google.android.gms.nearby.internal.connection.dev.OnConnectionResponseParams
com.google.android.gms.nearby.internal.connection.dev.OnConnectionResponseParams: android.os.Parcelable$Creator CREATOR
com.google.android.gms.nearby.internal.connection.dev.OnDisconnectedParams
com.google.android.gms.nearby.internal.connection.dev.OnDisconnectedParams: android.os.Parcelable$Creator CREATOR
com.google.android.gms.nearby.internal.connection.dev.OnEndpointFoundParams
com.google.android.gms.nearby.internal.connection.dev.OnEndpointFoundParams: android.os.Parcelable$Creator CREATOR
com.google.android.gms.nearby.internal.connection.dev.OnEndpointLostParams
com.google.android.gms.nearby.internal.connection.dev.OnEndpointLostParams: android.os.Parcelable$Creator CREATOR
com.google.android.gms.nearby.internal.connection.dev.OnMessageReceivedParams
com.google.android.gms.nearby.internal.connection.dev.OnMessageReceivedParams: android.os.Parcelable$Creator CREATOR
com.google.android.gms.nearby.internal.connection.dev.OnStartAdvertisingResultParams
com.google.android.gms.nearby.internal.connection.dev.OnStartAdvertisingResultParams: android.os.Parcelable$Creator CREATOR
com.google.android.gms.nearby.internal.connection.dev.OnStoppedAdvertisingParams
com.google.android.gms.nearby.internal.connection.dev.OnStoppedAdvertisingParams: android.os.Parcelable$Creator CREATOR
com.google.android.gms.nearby.internal.connection.dev.OnStoppedDiscoveryParams
com.google.android.gms.nearby.internal.connection.dev.OnStoppedDiscoveryParams: android.os.Parcelable$Creator CREATOR
com.google.android.gms.nearby.internal.connection.dev.ParcelablePayload
com.google.android.gms.nearby.internal.connection.dev.ParcelablePayload: android.os.Parcelable$Creator CREATOR
com.google.android.gms.nearby.internal.connection.dev.RejectConnectionRequestParams
com.google.android.gms.nearby.internal.connection.dev.RejectConnectionRequestParams: android.os.Parcelable$Creator CREATOR
com.google.android.gms.nearby.internal.connection.dev.SendConnectionRequestParams
com.google.android.gms.nearby.internal.connection.dev.SendConnectionRequestParams: android.os.Parcelable$Creator CREATOR
com.google.android.gms.nearby.internal.connection.dev.SendPayloadParams
com.google.android.gms.nearby.internal.connection.dev.SendPayloadParams: android.os.Parcelable$Creator CREATOR
com.google.android.gms.nearby.internal.connection.dev.StartAdvertisingParams
com.google.android.gms.nearby.internal.connection.dev.StartAdvertisingParams: android.os.Parcelable$Creator CREATOR
com.google.android.gms.nearby.internal.connection.dev.StartDiscoveryParams
com.google.android.gms.nearby.internal.connection.dev.StartDiscoveryParams: android.os.Parcelable$Creator CREATOR
com.google.android.gms.nearby.internal.connection.dev.StopAdvertisingParams
com.google.android.gms.nearby.internal.connection.dev.StopAdvertisingParams: android.os.Parcelable$Creator CREATOR
com.google.android.gms.nearby.internal.connection.dev.StopAllEndpointsParams
com.google.android.gms.nearby.internal.connection.dev.StopAllEndpointsParams: android.os.Parcelable$Creator CREATOR
com.google.android.gms.nearby.internal.connection.dev.StopDiscoveryParams
com.google.android.gms.nearby.internal.connection.dev.StopDiscoveryParams: android.os.Parcelable$Creator CREATOR
com.google.android.gms.nearby.messages.Message
com.google.android.gms.nearby.messages.Message: android.os.Parcelable$Creator CREATOR
com.google.android.gms.nearby.messages.MessageFilter
com.google.android.gms.nearby.messages.MessageFilter: android.os.Parcelable$Creator CREATOR
com.google.android.gms.nearby.messages.Strategy
com.google.android.gms.nearby.messages.Strategy: android.os.Parcelable$Creator CREATOR
com.google.android.gms.nearby.messages.devices.NearbyDevice
com.google.android.gms.nearby.messages.devices.NearbyDevice: android.os.Parcelable$Creator CREATOR