ParseStarterProject/build/outputs/mapping/release/mapping.txt
com.parse.starter.MainActivity -> com.parse.starter.MainActivity:
    android.widget.EditText username -> username
    android.widget.EditText password -> password
    android.widget.ImageView logo -> logo
    android.widget.RelativeLayout background -> background
    39:39:void <init>() -> <init>
    48:64:void onCreate(android.os.Bundle) -> onCreate
    67:83:void login(android.view.View) -> login
    86:88:void signup(android.view.View) -> signup
    93:96:boolean onKey(android.view.View,int,android.view.KeyEvent) -> onKey
    101:107:void onClick(android.view.View) -> onClick
com.parse.starter.MainActivity$1 -> com.parse.starter.MainActivity$1:
    android.content.Intent val$intent -> val$intent
    com.parse.starter.MainActivity this$0 -> this$0
    68:68:void <init>(com.parse.starter.MainActivity,android.content.Intent) -> <init>
    71:81:void done(com.parse.ParseUser,com.parse.ParseException) -> done
    68:68:void done(java.lang.Object,java.lang.Throwable) -> done
com.parse.starter.SignUp -> com.parse.starter.SignUp:
    android.widget.EditText username -> username
    android.widget.EditText password -> password
    android.widget.RelativeLayout background -> background
    android.widget.ImageView logo -> logo
    19:19:void <init>() -> <init>
    27:39:void onCreate(android.os.Bundle) -> onCreate
    43:62:void createAccount(android.view.View) -> createAccount
    66:70:void onClick(android.view.View) -> onClick
com.parse.starter.SignUp$1 -> com.parse.starter.SignUp$1:
    android.content.Intent val$intent -> val$intent
    com.parse.starter.SignUp this$0 -> this$0
    48:48:void <init>(com.parse.starter.SignUp,android.content.Intent) -> <init>
    51:60:void done(com.parse.ParseException) -> done
    48:48:void done(java.lang.Throwable) -> done
com.parse.starter.StarterApplication -> com.parse.starter.StarterApplication:
    22:22:void <init>() -> <init>
    26:47:void onCreate() -> onCreate
com.parse.starter.UserFeed -> com.parse.starter.UserFeed:
    android.widget.LinearLayout linearLayout -> linearLayout
    android.widget.ImageView imageView -> imageView
    android.widget.TextView feedName -> feedName
    android.widget.TextView noContent -> noContent
    22:22:void <init>() -> <init>
    30:99:void onCreate(android.os.Bundle) -> onCreate
com.parse.starter.UserFeed$1 -> com.parse.starter.UserFeed$1:
    com.parse.starter.UserFeed this$0 -> this$0
    51:51:void <init>(com.parse.starter.UserFeed) -> <init>
    54:94:void done(java.util.List,com.parse.ParseException) -> done
    51:51:void done(java.lang.Object,java.lang.Throwable) -> done
com.parse.starter.UserFeed$1$1 -> com.parse.starter.UserFeed$1$1:
    com.parse.starter.UserFeed$1 this$1 -> this$1
    61:61:void <init>(com.parse.starter.UserFeed$1) -> <init>
    65:80:void done(byte[],com.parse.ParseException) -> done
    61:61:void done(java.lang.Object,java.lang.Throwable) -> done
com.parse.starter.UserList -> com.parse.starter.UserList:
    35:35:void <init>() -> <init>
    40:42:boolean onCreateOptionsMenu(android.view.Menu) -> onCreateOptionsMenu
    47:57:boolean onOptionsItemSelected(android.view.MenuItem) -> onOptionsItemSelected
    62:104:void onActivityResult(int,int,android.content.Intent) -> onActivityResult
    107:109:void getPhoto() -> getPhoto
    114:121:void onRequestPermissionsResult(int,java.lang.String[],int[]) -> onRequestPermissionsResult
    125:160:void onCreate(android.os.Bundle) -> onCreate
    163:171:void shareButton(android.view.View) -> shareButton
    174:179:void logout(android.view.View) -> logout
com.parse.starter.UserList$1 -> com.parse.starter.UserList$1:
    com.parse.starter.UserList this$0 -> this$0
    87:87:void <init>(com.parse.starter.UserList) -> <init>
    91:97:void done(com.parse.ParseException) -> done
    87:87:void done(java.lang.Throwable) -> done
...
com.google.android.gms.internal.zzdt$zza$zza -> com.google.android.gms.b.lh$a$a:
    android.os.IBinder zzahn -> a
    void <init>(android.os.IBinder) -> <init>
    android.os.IBinder asBinder() -> asBinder
    void zzc(java.lang.String,com.google.android.gms.dynamic.zzd) -> a
    com.google.android.gms.dynamic.zzd zzap(java.lang.String) -> a
    void zze(com.google.android.gms.dynamic.zzd) -> a
    void destroy() -> a
com.google.android.gms.internal.zzdu -> com.google.android.gms.b.li:
    android.os.IBinder zza(com.google.android.gms.dynamic.zzd,com.google.android.gms.dynamic.zzd,com.google.android.gms.dynamic.zzd,int) -> a
com.google.android.gms.internal.zzdu$zza -> com.google.android.gms.b.li$a:
    com.google.android.gms.internal.zzdu zzaa(android.os.IBinder) -> a
    boolean onTransact(int,android.os.Parcel,android.os.Parcel,int) -> onTransact
com.google.android.gms.internal.zzdu$zza$zza -> com.google.android.gms.b.li$a$a:
    android.os.IBinder zzahn -> a
    void <init>(android.os.IBinder) -> <init>
    android.os.IBinder asBinder() -> asBinder
    android.os.IBinder zza(com.google.android.gms.dynamic.zzd,com.google.android.gms.dynamic.zzd,com.google.android.gms.dynamic.zzd,int) -> a
com.google.android.gms.internal.zzdv -> com.google.android.gms.b.lj:
    com.google.android.gms.dynamic.zzd zzkv() -> i
    java.lang.String getHeadline() -> a
    java.util.List getImages() -> b
    java.lang.String getBody() -> c
    com.google.android.gms.internal.zzdr zzku() -> d
    java.lang.String getCallToAction() -> e
    double getStarRating() -> f
    java.lang.String getStore() -> g
    java.lang.String getPrice() -> h
    android.os.Bundle getExtras() -> m
    void destroy() -> n
com.google.android.gms.internal.zzdv$zza -> com.google.android.gms.b.lj$a:
    void <init>() -> <init>
    com.google.android.gms.internal.zzdv zzab(android.os.IBinder) -> a
    android.os.IBinder asBinder() -> asBinder
    boolean onTransact(int,android.os.Parcel,android.os.Parcel,int) -> onTransact
com.google.android.gms.internal.zzdv$zza$zza -> com.google.android.gms.b.lj$a$a:
    android.os.IBinder zzahn -> a
    void <init>(android.os.IBinder) -> <init>
    android.os.IBinder asBinder() -> asBinder
    com.google.android.gms.dynamic.zzd zzkv() -> i
    java.lang.String getHeadline() -> a
    java.util.List getImages() -> b
    java.lang.String getBody() -> c
    com.google.android.gms.internal.zzdr zzku() -> d
    java.lang.String getCallToAction() -> e
    double getStarRating() -> f
    java.lang.String getStore() -> g
    java.lang.String getPrice() -> h
    android.os.Bundle getExtras() -> m
    void destroy() -> n
com.google.android.gms.internal.zzdw -> com.google.android.gms.b.lk:
    com.google.android.gms.internal.zzdv zzbhc -> a
    java.util.List zzbhd -> b
    com.google.android.gms.internal.zzds zzbhe -> c
    void <init>(com.google.android.gms.internal.zzdv) -> <init>
    com.google.android.gms.dynamic.zzd zzkv() -> j
    java.lang.CharSequence getHeadline() -> b
    java.util.List getImages() -> c
    java.lang.CharSequence getBody() -> d
    com.google.android.gms.ads.formats.NativeAd$Image getIcon() -> e
    java.lang.CharSequence getCallToAction() -> f
    java.lang.Double getStarRating() -> g
    java.lang.CharSequence getStore() -> h
    java.lang.CharSequence getPrice() -> i
    com.google.android.gms.internal.zzdr zze(java.lang.Object) -> a
    java.lang.Object zzdg() -> a
com.google.android.gms.internal.zzdx -> com.google.android.gms.b.ll:
    com.google.android.gms.dynamic.zzd zzkv() -> g
    java.lang.String getHeadline() -> a
    java.util.List getImages() -> b
    java.lang.String getBody() -> c
    com.google.android.gms.internal.zzdr zzky() -> d
    java.lang.String getCallToAction() -> e
    java.lang.String getAdvertiser() -> f
    android.os.Bundle getExtras() -> h
    void destroy() -> i