ParseStarterProject/build/outputs/mapping/release/usage.txt
com.parse.starter.BuildConfig
com.parse.starter.Manifest
com.parse.starter.Manifest$permission
com.parse.starter.R
com.parse.starter.R$anim
com.parse.starter.R$array
com.parse.starter.R$attr
com.parse.starter.R$bool
com.parse.starter.R$color
com.parse.starter.R$dimen
com.parse.starter.R$drawable
com.parse.starter.R$id
com.parse.starter.R$integer
com.parse.starter.R$layout
com.parse.starter.R$menu
com.parse.starter.R$mipmap
com.parse.starter.R$raw
com.parse.starter.R$string
com.parse.starter.R$style
com.parse.starter.R$styleable
...
com.google.android.gms.wearable.internal.zzb
com.google.android.gms.wearable.internal.zzb$zza
com.google.android.gms.wearable.internal.zzba
com.google.android.gms.wearable.internal.zzbb
com.google.android.gms.wearable.internal.zzbb$1
com.google.android.gms.wearable.internal.zzbb$2
com.google.android.gms.wearable.internal.zzbb$3
com.google.android.gms.wearable.internal.zzbb$4
com.google.android.gms.wearable.internal.zzbb$zza
com.google.android.gms.wearable.internal.zzbb$zzb
com.google.android.gms.wearable.internal.zzbc
com.google.android.gms.wearable.internal.zzbd
com.google.android.gms.wearable.internal.zzbe
com.google.android.gms.wearable.internal.zzbf
com.google.android.gms.wearable.internal.zzbg
com.google.android.gms.wearable.internal.zzbh
com.google.android.gms.wearable.internal.zzbi
com.google.android.gms.wearable.internal.zzbj
com.google.android.gms.wearable.internal.zzbk
com.google.android.gms.wearable.internal.zzbl
com.google.android.gms.wearable.internal.zzbm
com.google.android.gms.wearable.internal.zzbn
com.google.android.gms.wearable.internal.zzbo
com.google.android.gms.wearable.internal.zzbo$zza
com.google.android.gms.wearable.internal.zzbo$zzb
com.google.android.gms.wearable.internal.zzbo$zzc
com.google.android.gms.wearable.internal.zzbo$zzd
com.google.android.gms.wearable.internal.zzbo$zze
com.google.android.gms.wearable.internal.zzbo$zzf
com.google.android.gms.wearable.internal.zzbo$zzg
com.google.android.gms.wearable.internal.zzbo$zzh
com.google.android.gms.wearable.internal.zzbo$zzi
com.google.android.gms.wearable.internal.zzbo$zzj
com.google.android.gms.wearable.internal.zzbo$zzk
com.google.android.gms.wearable.internal.zzbo$zzl
com.google.android.gms.wearable.internal.zzbo$zzm
com.google.android.gms.wearable.internal.zzbo$zzn
com.google.android.gms.wearable.internal.zzbo$zzo
com.google.android.gms.wearable.internal.zzbo$zzp
com.google.android.gms.wearable.internal.zzbo$zzq
com.google.android.gms.wearable.internal.zzbo$zzr
com.google.android.gms.wearable.internal.zzbo$zzs
com.google.android.gms.wearable.internal.zzbo$zzt
com.google.android.gms.wearable.internal.zzbo$zzu
com.google.android.gms.wearable.internal.zzbp
com.google.android.gms.wearable.internal.zzbp$1
com.google.android.gms.wearable.internal.zzbp$2
com.google.android.gms.wearable.internal.zzbp$3
com.google.android.gms.wearable.internal.zzbq
com.google.android.gms.wearable.internal.zzbq$1
com.google.android.gms.wearable.internal.zzbq$2
com.google.android.gms.wearable.internal.zzbq$3
com.google.android.gms.wearable.internal.zzbq$4
com.google.android.gms.wearable.internal.zzbq$5
com.google.android.gms.wearable.internal.zzbq$6
com.google.android.gms.wearable.internal.zzbr
com.google.android.gms.wearable.internal.zzc
com.google.android.gms.wearable.internal.zzd
com.google.android.gms.wearable.internal.zze
com.google.android.gms.wearable.internal.zzf
com.google.android.gms.wearable.internal.zzg
com.google.android.gms.wearable.internal.zzh
com.google.android.gms.wearable.internal.zzi
com.google.android.gms.wearable.internal.zzj
com.google.android.gms.wearable.internal.zzj$1
com.google.android.gms.wearable.internal.zzj$2
com.google.android.gms.wearable.internal.zzj$3
com.google.android.gms.wearable.internal.zzj$4
com.google.android.gms.wearable.internal.zzj$5
com.google.android.gms.wearable.internal.zzj$zza
com.google.android.gms.wearable.internal.zzj$zzb
com.google.android.gms.wearable.internal.zzj$zzc
com.google.android.gms.wearable.internal.zzj$zzd
com.google.android.gms.wearable.internal.zzj$zze
com.google.android.gms.wearable.internal.zzj$zzf
com.google.android.gms.wearable.internal.zzk
com.google.android.gms.wearable.internal.zzl
com.google.android.gms.wearable.internal.zzl$1
com.google.android.gms.wearable.internal.zzl$2
com.google.android.gms.wearable.internal.zzl$zza
com.google.android.gms.wearable.internal.zzl$zzb
com.google.android.gms.wearable.internal.zzm
com.google.android.gms.wearable.internal.zzn